\BOOKMARK [1][-]{section*.2}{\376\377\000B\000e\000m\000-\000v\000i\000n\000d\000o\000s}{}% 1
\BOOKMARK [2][-]{section*.3}{\376\377\000C\000o\000m\000o\000\040\000c\000o\000n\000t\000r\000i\000b\000u\000i\000r\000?}{section*.2}% 2
\BOOKMARK [2][-]{section*.4}{\376\377\000L\000i\000c\000e\000n\000\347\000a}{section*.2}% 3
\BOOKMARK [1][-]{section*.5}{\376\377\000P\000r\000e\000f\000\341\000c\000i\000o}{}% 4
\BOOKMARK [1][-]{section*.6}{\376\377\000D\000e\000d\000i\000c\000a\000t\000\363\000r\000i\000a}{}% 5
\BOOKMARK [1][-]{section*.7}{\376\377\000S\000o\000b\000r\000e\000\040\000o\000s\000\040\000a\000u\000t\000o\000r\000e\000s}{}% 6
\BOOKMARK [1][-]{section*.8}{\376\377\000R\000e\000v\000i\000s\000o\000r\000e\000s\000\040\000e\000\040\000c\000o\000l\000a\000b\000o\000r\000a\000d\000o\000r\000e\000s}{}% 7
\BOOKMARK [1][-]{section.1}{\376\377\000I\000n\000t\000r\000o\000d\000u\000\347\000\343\000o}{}% 8
\BOOKMARK [2][-]{subsection.1.1}{\376\377\000H\000i\000s\000t\000\363\000r\000i\000c\000o\000\040\000d\000e\000s\000t\000e\000\040\000l\000i\000v\000r\000o}{section.1}% 9
\BOOKMARK [2][-]{subsection.1.2}{\376\377\000O\000b\000j\000e\000t\000i\000v\000o\000\040\000d\000e\000s\000t\000e\000\040\000l\000i\000v\000r\000o}{section.1}% 10
\BOOKMARK [2][-]{subsection.1.3}{\376\377\000O\000\040\000q\000u\000e\000\040\000v\000o\000c\000\352\000\040\000n\000\343\000o\000\040\000e\000n\000c\000o\000n\000t\000r\000a\000r\000\341\000\040\000n\000e\000s\000t\000e\000\040\000l\000i\000v\000r\000o}{section.1}% 11
\BOOKMARK [2][-]{subsection.1.4}{\376\377\000L\000i\000v\000r\000o\000s\000\040\000q\000u\000e\000\040\000r\000e\000c\000o\000m\000e\000n\000d\000a\000m\000o\000s\000\040\000p\000a\000r\000a\000\040\000a\000p\000r\000o\000f\000u\000n\000d\000a\000m\000e\000n\000t\000o\000\040\000t\000e\000\363\000r\000i\000c\000o}{section.1}% 12
\BOOKMARK [2][-]{subsection.1.5}{\376\377\000P\000o\000r\000\040\000q\000u\000e\000\040\000u\000s\000a\000r\000\040\000o\000\040\000R\000?}{section.1}% 13
\BOOKMARK [2][-]{subsection.1.6}{\376\377\000I\000n\000d\000o\000\040\000a\000l\000\351\000m\000\040\000d\000a\000\040\000l\000i\000n\000g\000u\000a\000g\000e\000m\000\040\000d\000e\000\040\000p\000r\000o\000g\000r\000a\000m\000a\000\347\000\343\000o\000\040\000p\000a\000r\000a\000\040\000a\000\040\000E\000c\000o\000l\000o\000g\000i\000a}{section.1}% 14
\BOOKMARK [2][-]{subsection.1.7}{\376\377\000C\000o\000m\000o\000\040\000u\000s\000a\000r\000\040\000e\000s\000t\000e\000\040\000l\000i\000v\000r\000o}{section.1}% 15
\BOOKMARK [2][-]{subsection.1.8}{\376\377\000C\000o\000m\000o\000\040\000e\000n\000s\000i\000n\000a\000r\000\040\000e\000\040\000a\000p\000r\000e\000n\000d\000e\000r\000\040\000c\000o\000m\000\040\000e\000s\000s\000e\000\040\000l\000i\000v\000r\000o}{section.1}% 16
\BOOKMARK [1][-]{section.2}{\376\377\000V\000o\000l\000t\000a\000n\000d\000o\000\040\000a\000o\000\040\000b\000\341\000s\000i\000c\000o\000:\000\040\000c\000o\000m\000o\000\040\000d\000o\000m\000i\000n\000a\000r\000\040\000a\000\040\000a\000r\000t\000e\000\040\000d\000e\000\040\000f\000a\000z\000e\000r\000\040\000p\000e\000r\000g\000u\000n\000t\000a\000s\000\040\000c\000i\000e\000n\000t\000i\000f\000i\000c\000a\000m\000e\000n\000t\000e\000\040\000r\000e\000l\000e\000v\000a\000n\000t\000e\000s}{}% 17
\BOOKMARK [2][-]{subsection.2.1}{\376\377\000I\000n\000t\000r\000o\000d\000u\000\347\000\343\000o}{section.2}% 18
\BOOKMARK [2][-]{subsection.2.2}{\376\377\000P\000e\000r\000g\000u\000n\000t\000a\000s\000\040\000d\000e\000v\000e\000m\000\040\000p\000r\000e\000c\000e\000d\000e\000r\000\040\000a\000s\000\040\000a\000n\000\341\000l\000i\000s\000e\000s\000\040\000e\000s\000t\000a\000t\000\355\000s\000t\000i\000c\000a\000s}{section.2}% 19
\BOOKMARK [2][-]{subsection.2.3}{\376\377\000F\000l\000u\000x\000o\000g\000r\000a\000m\000a\000:\000\040\000C\000o\000n\000e\000c\000t\000a\000n\000d\000o\000\040\000v\000a\000r\000i\000\341\000v\000e\000i\000s\000\040\000p\000a\000r\000a\000\040\000m\000e\000l\000h\000o\000r\000a\000r\000\040\000o\000\040\000d\000e\000s\000e\000n\000h\000o\000\040\000e\000x\000p\000e\000r\000i\000m\000e\000n\000t\000a\000l\000\040\000e\000\040\000a\000s\000\040\000a\000n\000\341\000l\000i\000s\000e\000s\000\040\000e\000s\000t\000a\000t\000\355\000s\000t\000i\000c\000a\000s}{section.2}% 20
\BOOKMARK [2][-]{subsection.2.4}{\376\377\000Q\000u\000e\000s\000t\000\365\000e\000s\000\040\000f\000u\000n\000d\000a\000m\000e\000n\000t\000a\000i\000s\000\040\000e\000m\000\040\000e\000t\000n\000o\000b\000i\000o\000l\000o\000g\000i\000a\000,\000\040\000e\000c\000o\000l\000o\000g\000i\000a\000\040\000e\000\040\000c\000o\000n\000s\000e\000r\000v\000a\000\347\000\343\000o}{section.2}% 21
\BOOKMARK [2][-]{subsection.2.5}{\376\377\000C\000o\000n\000s\000i\000d\000e\000r\000a\000\347\000\365\000e\000s\000\040\000F\000i\000n\000a\000i\000s}{section.2}% 22
\BOOKMARK [1][-]{section.3}{\376\377\000P\000r\000\351\000-\000r\000e\000q\000u\000i\000s\000i\000t\000o\000s}{}% 23
\BOOKMARK [2][-]{subsection.3.1}{\376\377\000I\000n\000t\000r\000o\000d\000u\000\347\000\343\000o}{section.3}% 24
\BOOKMARK [2][-]{subsection.3.2}{\376\377\000I\000n\000s\000t\000a\000l\000a\000\347\000\343\000o\000\040\000d\000o\000\040\000R}{section.3}% 25
\BOOKMARK [2][-]{subsection.3.3}{\376\377\000I\000n\000s\000t\000a\000l\000a\000\347\000\343\000o\000\040\000d\000o\000\040\000R\000S\000t\000u\000d\000i\000o}{section.3}% 26
\BOOKMARK [2][-]{subsection.3.4}{\376\377\000V\000e\000r\000s\000\343\000o\000\040\000d\000o\000\040\000R}{section.3}% 27
\BOOKMARK [2][-]{subsection.3.5}{\376\377\000P\000a\000c\000o\000t\000e\000s}{section.3}% 28
\BOOKMARK [2][-]{subsection.3.6}{\376\377\000D\000a\000d\000o\000s}{section.3}% 29
\BOOKMARK [1][-]{section.4}{\376\377\000I\000n\000t\000r\000o\000d\000u\000\347\000\343\000o\000\040\000a\000o\000\040\000R}{}% 30
\BOOKMARK [2][-]{section*.9}{\376\377\000P\000r\000\351\000-\000r\000e\000q\000u\000i\000s\000i\000t\000o\000s\000\040\000d\000o\000\040\000c\000a\000p\000\355\000t\000u\000l\000o}{section.4}% 31
\BOOKMARK [2][-]{subsection.4.1}{\376\377\000C\000o\000n\000t\000e\000x\000t\000u\000a\000l\000i\000z\000a\000\347\000\343\000o}{section.4}% 32
\BOOKMARK [2][-]{subsection.4.2}{\376\377\000R\000\040\000e\000\040\000R\000S\000t\000u\000d\000i\000o}{section.4}% 33
\BOOKMARK [2][-]{subsection.4.3}{\376\377\000F\000u\000n\000c\000i\000o\000n\000a\000m\000e\000n\000t\000o\000\040\000d\000a\000\040\000l\000i\000n\000g\000u\000a\000g\000e\000m\000\040\000R}{section.4}% 34
\BOOKMARK [2][-]{subsection.4.4}{\376\377\000E\000s\000t\000r\000u\000t\000u\000r\000a\000\040\000e\000\040\000m\000a\000n\000i\000p\000u\000l\000a\000\347\000\343\000o\000\040\000d\000e\000\040\000o\000b\000j\000e\000t\000o\000s}{section.4}% 35
\BOOKMARK [2][-]{subsection.4.5}{\376\377\000P\000a\000r\000a\000\040\000s\000e\000\040\000a\000p\000r\000o\000f\000u\000n\000d\000a\000r}{section.4}% 36
\BOOKMARK [2][-]{subsection.4.6}{\376\377\000E\000x\000e\000r\000c\000\355\000c\000i\000o\000s}{section.4}% 37
\BOOKMARK [1][-]{section.5}{\376\377\000T\000i\000d\000y\000v\000e\000r\000s\000e}{}% 38
\BOOKMARK [2][-]{section*.10}{\376\377\000P\000r\000\351\000-\000r\000e\000q\000u\000i\000s\000i\000t\000o\000s\000\040\000d\000o\000\040\000c\000a\000p\000\355\000t\000u\000l\000o}{section.5}% 39
\BOOKMARK [2][-]{subsection.5.1}{\376\377\000C\000o\000n\000t\000e\000x\000t\000u\000a\000l\000i\000z\000a\000\347\000\343\000o}{section.5}% 40
\BOOKMARK [2][-]{subsection.5.2}{\376\377\000t\000i\000d\000y\000v\000e\000r\000s\000e}{section.5}% 41
\BOOKMARK [2][-]{subsection.5.3}{\376\377\000h\000e\000r\000e}{section.5}% 42
\BOOKMARK [2][-]{subsection.5.4}{\376\377\000r\000e\000a\000d\000r\000,\000\040\000r\000e\000a\000d\000x\000l\000\040\000e\000\040\000w\000r\000i\000t\000e\000x\000l}{section.5}% 43
\BOOKMARK [2][-]{subsection.5.5}{\376\377\000t\000i\000b\000b\000l\000e}{section.5}% 44
\BOOKMARK [2][-]{subsection.5.6}{\376\377\000m\000a\000g\000r\000i\000t\000t\000r\000\040\000\050\000p\000i\000p\000e\000\040\000-\000\040\000\045\000>\000\045\000\051}{section.5}% 45
\BOOKMARK [2][-]{subsection.5.7}{\376\377\000t\000i\000d\000y\000r}{section.5}% 46
\BOOKMARK [2][-]{subsection.5.8}{\376\377\000d\000p\000l\000y\000r}{section.5}% 47
\BOOKMARK [2][-]{subsection.5.9}{\376\377\000s\000t\000r\000i\000n\000g\000r}{section.5}% 48
\BOOKMARK [2][-]{subsection.5.10}{\376\377\000f\000o\000r\000c\000a\000t\000s}{section.5}% 49
\BOOKMARK [2][-]{subsection.5.11}{\376\377\000l\000u\000b\000r\000i\000d\000a\000t\000e}{section.5}% 50
\BOOKMARK [2][-]{subsection.5.12}{\376\377\000p\000u\000r\000r\000r}{section.5}% 51
\BOOKMARK [2][-]{subsection.5.13}{\376\377\000P\000a\000r\000a\000\040\000s\000e\000\040\000a\000p\000r\000o\000f\000u\000n\000d\000a\000r}{section.5}% 52
\BOOKMARK [2][-]{subsection.5.14}{\376\377\000E\000x\000e\000r\000c\000\355\000c\000i\000o\000s}{section.5}% 53
\BOOKMARK [1][-]{section.6}{\376\377\000V\000i\000s\000u\000a\000l\000i\000z\000a\000\347\000\343\000o\000\040\000d\000e\000\040\000d\000a\000d\000o\000s}{}% 54
\BOOKMARK [2][-]{section*.11}{\376\377\000P\000r\000\351\000-\000r\000e\000q\000u\000i\000s\000i\000t\000o\000s\000\040\000d\000o\000\040\000c\000a\000p\000\355\000t\000u\000l\000o}{section.6}% 55
\BOOKMARK [2][-]{subsection.6.1}{\376\377\000C\000o\000n\000t\000e\000x\000t\000u\000a\000l\000i\000z\000a\000\347\000\343\000o}{section.6}% 56
\BOOKMARK [2][-]{subsection.6.2}{\376\377\000P\000r\000i\000n\000c\000i\000p\000a\000i\000s\000\040\000p\000a\000c\000o\000t\000e\000s}{section.6}% 57
\BOOKMARK [2][-]{subsection.6.3}{\376\377\000G\000r\000\341\000m\000a\000t\000i\000c\000a\000\040\000d\000o\000s\000\040\000g\000r\000\341\000f\000i\000c\000o\000s}{section.6}% 58
\BOOKMARK [2][-]{subsection.6.4}{\376\377\000T\000i\000p\000o\000s\000\040\000d\000e\000\040\000g\000r\000\341\000f\000i\000c\000o\000s}{section.6}% 59
